# JRE version: OpenJDK Runtime Environment Corretto-21.0.8.9.1 (21.0.8+9) (build 21.0.8+9-LTS)
# Java VM: OpenJDK 64-Bit Server VM Corretto-21.0.8.9.1 (21.0.8+9-LTS, mixed mode, sharing, tiered, compressed oops, compressed class ptrs, g1 gc, windows-amd64)
GC Precious Log:
 CardTable entry size: 512
 Card Set container configuration: InlinePtr #cards 4 size 8 Array Of Cards #cards 16 size 48 Howl #buckets 8 coarsen threshold 3686 Howl Bitmap #cards 512 size 80 coarsen threshold 460 Card regions per heap region 1 cards per card region 4096
 CPUs: 4 total, 4 available
 Memory: 12230M
 Large Page Support: Disabled
 NUMA Support: Disabled
 Compressed Oops: Enabled (Zero based)
 Heap Region Size: 2M
 Heap Min Capacity: 8M
 Heap Initial Capacity: 192M
 Heap Max Capacity: 3058M
 Pre-touch: Disabled
 Parallel Workers: 4
 Concurrent Workers: 1
 Concurrent Refinement Workers: 4
 Periodic GC: Disabled
Heap:
 garbage-first heap   total 368640K, used 206704K [0x0000000740e00000, 0x0000000800000000)
  region size 2048K, 9 young (18432K), 9 survivors (18432K)
 Metaspace       used 20526K, committed 20864K, reserved 1114112K
  class space    used 2075K, committed 2240K, reserved 1048576K
GC Heap History (20 events):
Event: 0.790 GC heap after
{Heap after GC invocations=2 (full 0):
 garbage-first heap   total 196608K, used 13741K [0x0000000740e00000, 0x0000000800000000)
  region size 2048K, 1 young (2048K), 1 survivors (2048K)
 Metaspace       used 5785K, committed 5952K, reserved 1114112K
  class space    used 483K, committed 576K, reserved 1048576K
}
Event: 1.317 GC heap before
{Heap before GC invocations=2 (full 0):
 garbage-first heap   total 196608K, used 40365K [0x0000000740e00000, 0x0000000800000000)
  region size 2048K, 14 young (28672K), 1 survivors (2048K)
 Metaspace       used 10553K, committed 10752K, reserved 1114112K
  class space    used 1045K, committed 1152K, reserved 1048576K
}
Event: 1.320 GC heap after
{Heap after GC invocations=3 (full 0):
 garbage-first heap   total 196608K, used 15157K [0x0000000740e00000, 0x0000000800000000)
  region size 2048K, 2 young (4096K), 2 survivors (4096K)
 Metaspace       used 10553K, committed 10752K, reserved 1114112K
  class space    used 1045K, committed 1152K, reserved 1048576K
}
Event: 2.743 GC heap before
{Heap before GC invocations=3 (full 0):
 garbage-first heap   total 196608K, used 152373K [0x0000000740e00000, 0x0000000800000000)
  region size 2048K, 57 young (116736K), 2 survivors (4096K)
 Metaspace       used 18690K, committed 18880K, reserved 1114112K
  class space    used 1907K, committed 1984K, reserved 1048576K
}
Event: 2.780 GC heap after
{Heap after GC invocations=4 (full 0):
 garbage-first heap   total 217088K, used 99796K [0x0000000740e00000, 0x0000000800000000)
  region size 2048K, 8 young (16384K), 8 survivors (16384K)
 Metaspace       used 18690K, committed 18880K, reserved 1114112K
  class space    used 1907K, committed 1984K, reserved 1048576K
}
Event: 3.443 GC heap before
{Heap before GC invocations=4 (full 0):
 garbage-first heap   total 217088K, used 122324K [0x0000000740e00000, 0x0000000800000000)
  region size 2048K, 20 young (40960K), 8 survivors (16384K)
 Metaspace       used 20313K, committed 20672K, reserved 1114112K
  class space    used 2067K, committed 2240K, reserved 1048576K
}
Event: 3.453 GC heap after
{Heap after GC invocations=5 (full 0):
 garbage-first heap   total 217088K, used 105710K [0x0000000740e00000, 0x0000000800000000)
  region size 2048K, 2 young (4096K), 2 survivors (4096K)
 Metaspace       used 20313K, committed 20672K, reserved 1114112K
  class space    used 2067K, committed 2240K, reserved 1048576K
}
Event: 3.629 GC heap before
{Heap before GC invocations=5 (full 0):
 garbage-first heap   total 217088K, used 154862K [0x0000000740e00000, 0x0000000800000000)
  region size 2048K, 27 young (55296K), 2 survivors (4096K)
 Metaspace       used 20425K, committed 20800K, reserved 1114112K
  class space    used 2068K, committed 2240K, reserved 1048576K
}
Event: 3.635 GC heap after
{Heap after GC invocations=6 (full 0):
 garbage-first heap   total 217088K, used 112640K [0x0000000740e00000, 0x0000000800000000)
  region size 2048K, 4 young (8192K), 4 survivors (8192K)
 Metaspace       used 20425K, committed 20800K, reserved 1114112K
  class space    used 2068K, committed 2240K, reserved 1048576K
}
Event: 3.856 GC heap before
{Heap before GC invocations=7 (full 0):
 garbage-first heap   total 217088K, used 165888K [0x0000000740e00000, 0x0000000800000000)
  region size 2048K, 31 young (63488K), 4 survivors (8192K)
 Metaspace       used 20441K, committed 20800K, reserved 1114112K
  class space    used 2068K, committed 2240K, reserved 1048576K
}
Event: 3.868 GC heap after
{Heap after GC invocations=8 (full 0):
 garbage-first heap   total 217088K, used 121295K [0x0000000740e00000, 0x0000000800000000)
  region size 2048K, 4 young (8192K), 4 survivors (8192K)
 Metaspace       used 20441K, committed 20800K, reserved 1114112K
  class space    used 2068K, committed 2240K, reserved 1048576K
}
Event: 3.979 GC heap before
{Heap before GC invocations=8 (full 0):
 garbage-first heap   total 217088K, used 172495K [0x0000000740e00000, 0x0000000800000000)
  region size 2048K, 30 young (61440K), 4 survivors (8192K)
 Metaspace       used 20443K, committed 20800K, reserved 1114112K
  class space    used 2068K, committed 2240K, reserved 1048576K
}
Event: 3.990 GC heap after
{Heap after GC invocations=9 (full 0):
 garbage-first heap   total 368640K, used 127323K [0x0000000740e00000, 0x0000000800000000)
  region size 2048K, 4 young (8192K), 4 survivors (8192K)
 Metaspace       used 20443K, committed 20800K, reserved 1114112K
  class space    used 2068K, committed 2240K, reserved 1048576K
}
Event: 4.275 GC heap before
{Heap before GC invocations=9 (full 0):
 garbage-first heap   total 368640K, used 278875K [0x0000000740e00000, 0x0000000800000000)
  region size 2048K, 79 young (161792K), 4 survivors (8192K)
 Metaspace       used 20462K, committed 20800K, reserved 1114112K
  class space    used 2068K, committed 2240K, reserved 1048576K
}
Event: 4.291 GC heap after
{Heap after GC invocations=10 (full 0):
 garbage-first heap   total 368640K, used 144234K [0x0000000740e00000, 0x0000000800000000)
  region size 2048K, 10 young (20480K), 10 survivors (20480K)
 Metaspace       used 20462K, committed 20800K, reserved 1114112K
  class space    used 2068K, committed 2240K, reserved 1048576K
}
Event: 4.495 GC heap before
{Heap before GC invocations=10 (full 0):
 garbage-first heap   total 368640K, used 283498K [0x0000000740e00000, 0x0000000800000000)
  region size 2048K, 78 young (159744K), 10 survivors (20480K)
 Metaspace       used 20472K, committed 20800K, reserved 1114112K
  class space    used 2068K, committed 2240K, reserved 1048576K
}
Event: 4.525 GC heap after
{Heap after GC invocations=11 (full 0):
 garbage-first heap   total 368640K, used 168382K [0x0000000740e00000, 0x0000000800000000)
  region size 2048K, 10 young (20480K), 10 survivors (20480K)
 Metaspace       used 20472K, committed 20800K, reserved 1114112K
  class space    used 2068K, committed 2240K, reserved 1048576K
}
Event: 4.715 GC heap before
{Heap before GC invocations=11 (full 0):
 garbage-first heap   total 368640K, used 293310K [0x0000000740e00000, 0x0000000800000000)
  region size 2048K, 72 young (147456K), 10 survivors (20480K)
 Metaspace       used 20486K, committed 20800K, reserved 1114112K
  class space    used 2069K, committed 2240K, reserved 1048576K
}
Event: 4.735 GC heap after
{Heap after GC invocations=12 (full 0):
 garbage-first heap   total 368640K, used 188019K [0x0000000740e00000, 0x0000000800000000)
  region size 2048K, 9 young (18432K), 9 survivors (18432K)
 Metaspace       used 20486K, committed 20800K, reserved 1114112K
  class space    used 2069K, committed 2240K, reserved 1048576K
}
Event: 4.887 GC heap before
{Heap before GC invocations=12 (full 0):
 garbage-first heap   total 368640K, used 304755K [0x0000000740e00000, 0x0000000800000000)
  region size 2048K, 67 young (137216K), 9 survivors (18432K)
 Metaspace       used 20526K, committed 20864K, reserved 1114112K
  class space    used 2075K, committed 2240K, reserved 1048576K
}

